已經開始建置於 2016/1/26 上午 02:16:35。
     1>節點 2 (build 目標) 上的專案 "C:\myProgram\dotnet\pcap 1.0\pcap 1.0.vcxproj"。
     1>InitializeBuildStatus:
         由於指定了 "AlwaysCreate"，因此正在建立 "Debug\pcap 1.0.unsuccessfulbuild"。
       ClCompile:
         所有輸出都是最新的。
         C:\Program Files (x86)\Microsoft Visual Studio 10.0\VC\bin\CL.exe /c /ZI /nologo /W3 /WX- /Od /Oy- /D WIN32 /D _DEBUG /D _CONSOLE /D _UNICODE /D UNICODE /Gm /EHsc /RTC1 /MDd /GS /fp:precise /Zc:wchar_t /Zc:forScope /Yu"StdAfx.h" /Fp"Debug\pcap 1.0.pch" /Fo"Debug\\" /Fd"Debug\vc100.pdb" /Gd /TP /analyze- /errorReport:prompt "pcap 1.0.cpp"
         pcap 1.0.cpp
       ManifestResourceCompile:
         所有輸出都是最新的。
       Link:
         C:\Program Files (x86)\Microsoft Visual Studio 10.0\VC\bin\link.exe /ERRORREPORT:PROMPT /OUT:"C:\myProgram\dotnet\pcap 1.0\Debug\pcap 1.0.exe" /INCREMENTAL /NOLOGO kernel32.lib user32.lib gdi32.lib winspool.lib comdlg32.lib advapi32.lib shell32.lib ole32.lib oleaut32.lib uuid.lib odbc32.lib odbccp32.lib /MANIFEST /ManifestFile:"Debug\pcap 1.0.exe.intermediate.manifest" /MANIFESTUAC:"level='asInvoker' uiAccess='false'" /DEBUG /PDB:"C:\myProgram\dotnet\pcap 1.0\Debug\pcap 1.0.pdb" /SUBSYSTEM:CONSOLE /TLBID:1 /DYNAMICBASE /NXCOMPAT /IMPLIB:"C:\myProgram\dotnet\pcap 1.0\Debug\pcap 1.0.lib" /MACHINE:X86 "Debug\pcap 1.0.exe.embed.manifest.res"
         "Debug\pcap 1.0.obj"
         Debug\stdafx.obj
       Manifest:
         C:\Program Files (x86)\Microsoft SDKs\Windows\v7.0A\bin\mt.exe /nologo /verbose /out:"Debug\pcap 1.0.exe.embed.manifest" /manifest "Debug\pcap 1.0.exe.intermediate.manifest"
         所有輸出都是最新的。
       LinkEmbedManifest:
         所有輸出都是最新的。
         pcap 1.0.vcxproj -> C:\myProgram\dotnet\pcap 1.0\Debug\pcap 1.0.exe
       FinalizeBuildStatus:
         正在刪除檔案 "Debug\pcap 1.0.unsuccessfulbuild"。
         正在變更時間戳記 "Debug\pcap 1.0.lastbuildstate"。
     1>專案 "C:\myProgram\dotnet\pcap 1.0\pcap 1.0.vcxproj" (build 目標) 建置完成。

建置成功。

經過時間 00:00:01.08
