已經開始建置於 2015/2/19 下午 10:51:44。
     1>節點 2 (build 目標) 上的專案 "C:\myProgram\dotnet\get8comic\get8comic.vcxproj"。
     1>InitializeBuildStatus:
         由於指定了 "AlwaysCreate"，因此正在建立 "Debug\get8comic.unsuccessfulbuild"。
       ClCompile:
         C:\Program Files (x86)\Microsoft Visual Studio 10.0\VC\bin\CL.exe /c /ZI /nologo /W3 /WX- /Od /Oy- /D _MBCS /Gm /EHsc /RTC1 /MDd /GS /fp:precise /Zc:wchar_t /Zc:forScope /Fo"Debug\\" /Fd"Debug\vc100.pdb" /Gd /TP /analyze- /errorReport:prompt main.cpp
         main.cpp
     1>c:\myprogram\dotnet\get8comic\main.cpp(85): warning C4018: '<' : signed/unsigned 不相符
       Link:
         C:\Program Files (x86)\Microsoft Visual Studio 10.0\VC\bin\link.exe /ERRORREPORT:PROMPT /OUT:"C:\myProgram\dotnet\get8comic\Debug\get8comic.exe" /NOLOGO kernel32.lib user32.lib gdi32.lib winspool.lib comdlg32.lib advapi32.lib shell32.lib ole32.lib oleaut32.lib uuid.lib odbc32.lib odbccp32.lib /MANIFEST /ManifestFile:"Debug\get8comic.exe.intermediate.manifest" /MANIFESTUAC:"level='asInvoker' uiAccess='false'" /DEBUG /PDB:"C:\myProgram\dotnet\get8comic\Debug\get8comic.pdb" /TLBID:1 /DYNAMICBASE /NXCOMPAT /IMPLIB:"C:\myProgram\dotnet\get8comic\Debug\get8comic.lib" /MACHINE:X86 Debug\main.obj
         LINK : 最後的累加連結找不到或未建置 C:\myProgram\dotnet\get8comic\Debug\get8comic.exe，正在執行完整連結
         get8comic.vcxproj -> C:\myProgram\dotnet\get8comic\Debug\get8comic.exe
       Manifest:
         C:\Program Files (x86)\Microsoft SDKs\Windows\v7.0A\bin\mt.exe /nologo /verbose /outputresource:"C:\myProgram\dotnet\get8comic\Debug\get8comic.exe;#1" /manifest Debug\get8comic.exe.intermediate.manifest
       FinalizeBuildStatus:
         正在刪除檔案 "Debug\get8comic.unsuccessfulbuild"。
         正在變更時間戳記 "Debug\get8comic.lastbuildstate"。
     1>專案 "C:\myProgram\dotnet\get8comic\get8comic.vcxproj" (build 目標) 建置完成。

建置成功。

經過時間 00:00:00.75
